<logdata>
<_  time = '15/7/2010 22:52:26' >Processing E:\- Arquivos Organizados -\Programação\Delphi\Sistemas\Meus Sistemas\Loteria\Instalador\Istalador - 3.ci</>
<_   >Converting the project...</>
<_   >Generating sources...</>
<_   >Compiling Gentee scripts...</>
<_   >Optimizing...</>
<_   >Input size: 113862 bytes</>
<_   >Output size: 78050 bytes</>
<_   >Making E:\- Arquivos Organizados -\Programação\Delphi\Sistemas\Meus Sistemas\Loteria\Instalador\Loteria - Time Money.exe...</>
<_   >Adding temporary files to EXE</>
<_ ratio = 22.64% time = '12/6/2010 12:13:14' size = 13110>E:\- Arquivos Organizados -\Programação\Delphi\Sistemas\Meus Sistemas\Loteria\Outros\Dark side of the moon - II.bmp</>
<_ ratio = 30.66% time = '12/6/2010 12:14:54' size = 19590>E:\- Arquivos Organizados -\Programação\Delphi\Sistemas\Meus Sistemas\Loteria\Outros\Pink Floyd - II.bmp</>
<_ ratio = 104.80% time = '12/6/2010 11:47:49' size = 104>E:\- Arquivos Organizados -\Programação\Delphi\Sistemas\Meus Sistemas\Loteria\Outros\Arquivo Licença.txt</>
<_ ratio = 43.47% time = '15/7/2010 22:52:27' size = 3818>C:\DOCUME~1\bugrii\CONFIG~1\Temp\gentee00\portuguese_br.lng</>
<_   >Adding resource files to EXE</>
<_   size = 108544>File E:\- Arquivos Organizados -\Programação\Delphi\Sistemas\Meus Sistemas\Loteria\Instalador\Loteria - Time Money.exe has been created successfully</>
<_   >Making C:\DOCUME~1\bugrii\CONFIG~1\Temp\gentee00\uninstall.exe...</>
<_   >Adding resource files to EXE</>
<_   size = 109568>File C:\DOCUME~1\bugrii\CONFIG~1\Temp\gentee00\uninstall.exe has been created successfully</>
<_ ratio = 1.06%  size = 109568>Packing Uninstall Exe</>
<_   >Packing files</>
<_   >================================</>
<_ ratio = 42.58% time = '31/3/2010 11:38:59' size = 2102784>E:\- Arquivos Organizados -\Programação\Delphi\Sistemas\Meus Sistemas\Loteria\Fontes\TIME MONEY.exe</>
<_ ratio = 2.46% time = '15/7/2010 22:49:11' size = 2834432>E:\- Arquivos Organizados -\Programação\Delphi\Sistemas\Meus Sistemas\Loteria\BD\BD.FDB</>
<_ ratio = 48.62% time = '9/8/2002 11:00:00' size = 123392>E:\- Arquivos Organizados -\Programação\Delphi\Sistemas\Meus Sistemas\Loteria\Outros\dbexpint.dll</>
<_ ratio = 42.94% time = '13/6/2008 14:21:16' size = 450560>E:\- Arquivos Organizados -\Programação\Delphi\Sistemas\Meus Sistemas\Loteria\Outros\FBCLIENT.DLL</>
<_ ratio = 100.00% time = '13/1/2009 07:19:36' size = 6659927>E:\- Arquivos Organizados -\Programação\Delphi\Sistemas\Meus Sistemas\Loteria\Outros\Firebird-2.1.1.17910-0_Win32.exe</>
<_ ratio = 47.52% time = '9/8/2002 11:00:00' size = 296448>E:\- Arquivos Organizados -\Programação\Delphi\Sistemas\Meus Sistemas\Loteria\Outros\midas.dll</>
<_   >================================</>
<_ ratio = 64.32%  size = 12467543>All files (6)</>
<_  time = '15/7/2010 22:52:47' >Finish Successful</>
</logdata>
